Logging to experiments/logs/20251122_170740_linear_top_features/train.log
Loading data...
Initializing preprocessor: TopFeaturesPreprocessor
Preprocessing data...
TopFeatures Preprocessor: Selected 20 features.
Features: ['environmental_score', 'social_score', 'governance_score', 'sect_C_pct', 'sect_G_pct', 'sect_J_pct', 'sect_M_pct', 'sect_N_pct', 'sect_OTHER_pct', 'env_score_adjustment', 'sdg_3', 'sdg_7', 'sdg_9', 'sdg_11', 'sdg_12', 'sdg_OTHER', 'revenue_log', 'region_group_NAM', 'region_group_OTHER', 'region_group_WEU']
Selected features (20): ['environmental_score', 'social_score', 'governance_score', 'sect_C_pct', 'sect_G_pct', 'sect_J_pct', 'sect_M_pct', 'sect_N_pct', 'sect_OTHER_pct', 'env_score_adjustment', 'sdg_3', 'sdg_7', 'sdg_9', 'sdg_11', 'sdg_12', 'sdg_OTHER', 'revenue_log', 'region_group_NAM', 'region_group_OTHER', 'region_group_WEU']
Initializing model: LinearRegressionModel

--- Training Target Scope 1 (CV) ---
Starting training with 5 folds... (Log Target: True)
Fold 1/5 - RMSE: 140683.7132, MAE: 57968.4814 | Log RMSE: 2.0253, Log MAE: 1.6132
Fold 2/5 - RMSE: 112825.8747, MAE: 57379.8578 | Log RMSE: 1.9430, Log MAE: 1.5782
Fold 3/5 - RMSE: 113234.6206, MAE: 50967.4980 | Log RMSE: 1.8177, Log MAE: 1.4238
Fold 4/5 - RMSE: 92797.7122, MAE: 43213.7568 | Log RMSE: 2.2403, Log MAE: 1.8155
Fold 5/5 - RMSE: 102086.3355, MAE: 46831.0690 | Log RMSE: 2.0571, Log MAE: 1.5439

Training Completed.
Mean RMSE: 112325.6512
Mean MAE: 51272.1326
Mean Log RMSE: 2.0167
Mean Log MAE: 1.5949

Top 5 Worst Predictions (Across all folds):
       actual     predicted      abs_error
420  637605.0  58401.158158  579203.841842
424  631252.0  62279.223845  568972.776155
150  568478.0   5540.533146  562937.466854
416  559769.0   1817.243946  557951.756054
396  577624.0  23953.400422  553670.599578

--- Training Target Scope 2 (CV) ---
Starting training with 5 folds... (Log Target: True)
Fold 1/5 - RMSE: 173611.7313, MAE: 59411.1352 | Log RMSE: 2.3571, Log MAE: 1.7662
Fold 2/5 - RMSE: 194818.9488, MAE: 60667.2227 | Log RMSE: 2.7149, Log MAE: 1.7769
Fold 3/5 - RMSE: 59460.4260, MAE: 30713.8705 | Log RMSE: 2.4475, Log MAE: 1.7235
Fold 4/5 - RMSE: 64211.0660, MAE: 29464.6038 | Log RMSE: 2.4949, Log MAE: 1.8339
Fold 5/5 - RMSE: 294920.5952, MAE: 82154.3689 | Log RMSE: 2.2020, Log MAE: 1.6857

Training Completed.
Mean RMSE: 157404.5535
Mean MAE: 52482.2402
Mean Log RMSE: 2.4433
Mean Log MAE: 1.7572

Top 5 Worst Predictions (Across all folds):
        actual     predicted     abs_error
428  2061608.0   5309.078162  2.056299e+06
427  1597469.0  15196.207987  1.582273e+06
426  1503357.0  28239.284605  1.475118e+06
425  1105788.0  57691.528862  1.048096e+06
424   862769.0  62738.376954  8.000306e+05
Metrics saved to metrics.json

--- Training Final Models and Generating Submission ---
Submission saved to experiments/logs/20251122_170740_linear_top_features/submission.csv
