Logging to experiments/logs/20251122_193140_linear_comprehensive/train.log
Loading data...
Initializing preprocessor: ComprehensivePreprocessor
Preprocessing data...
Comprehensive Preprocessor: Selected 80 features.
Selected features (80): ['environmental_score', 'social_score', 'governance_score', 'sect_A_pct', 'sect_B_pct', 'sect_C_pct', 'sect_D_pct', 'sect_E_pct', 'sect_F_pct', 'sect_G_pct', 'sect_H_pct', 'sect_I_pct', 'sect_J_pct', 'sect_K_pct', 'sect_L_pct', 'sect_M_pct', 'sect_N_pct', 'sect_O_pct', 'sect_P_pct', 'sect_Q_pct', 'sect_R_pct', 'sect_S_pct', 'sect_T_pct', 'env_score_adjustment', 'env_act_Disposal\xa0', 'env_act_End-use', 'env_act_Farming', 'env_act_Manufacturing', 'env_act_Operation', 'env_act_Other', 'env_act_Raw materials', 'env_act_Transportation', 'sdg_id_2', 'sdg_id_3', 'sdg_id_4', 'sdg_id_5', 'sdg_id_6', 'sdg_id_7', 'sdg_id_8', 'sdg_id_9', 'sdg_id_11', 'sdg_id_12', 'sdg_id_13', 'sdg_id_16', 'revenue_log', 'region_code_ANZ', 'region_code_CAR', 'region_code_EA', 'region_code_EEU', 'region_code_LATAM', 'region_code_NAM', 'region_code_WEU', 'country_code_AT', 'country_code_BE', 'country_code_CA', 'country_code_CH', 'country_code_CN', 'country_code_CZ', 'country_code_DE', 'country_code_DK', 'country_code_EE', 'country_code_ES', 'country_code_FI', 'country_code_FR', 'country_code_GB', 'country_code_GI', 'country_code_IE', 'country_code_IT', 'country_code_JE', 'country_code_JP', 'country_code_LU', 'country_code_MT', 'country_code_MX', 'country_code_NL', 'country_code_NO', 'country_code_NZ', 'country_code_PR', 'country_code_PT', 'country_code_SE', 'country_code_US']
Initializing model: LinearRegressionModel

--- Training Target Scope 1 (CV) ---
Starting training with 5 folds... (Log Target: True)
Fold 1/5 - RMSE: 2907297.3744, MAE: 405800.9509 | Log RMSE: 2.1942, Log MAE: 1.6863
Fold 2/5 - RMSE: 114633.3271, MAE: 57593.8560 | Log RMSE: 1.7322, Log MAE: 1.4412
Fold 3/5 - RMSE: 26547467.8649, MAE: 2933038.0090 | Log RMSE: 2.2660, Log MAE: 1.6262
Fold 4/5 - RMSE: inf, MAE: 21567508491483510943726426327742748568789922175236122732180380900220567926248910769800630995337977900413181149137509024782998988658135891480016935639817356390436827390801583059290208075818794748590797538006873738277468217749494586465726941635693967183562366181378776269247553612852232192.0000 | Log RMSE: 70.6189, Log MAE: 9.6658
Fold 5/5 - RMSE: 130044662297687100070297600.0000, MAE: 14105324064554898335727616.0000 | Log RMSE: 5.7597, Log MAE: 2.1380

Training Completed.
Mean RMSE: inf
Mean MAE: 4313501698296701977427472811282451172822070468440581938897145765595504734065498543290565176377651790315733874764626647086841800428775706743064363326889256377871774092984485848503368015561725282225552437030798326445800480265423555633934071226514097901353713729461164658034078363475247104.0000
Mean Log RMSE: 16.5142
Mean Log MAE: 3.3115

Top 5 Worst Predictions (Across all folds):
       actual      predicted      abs_error
418   13722.0  1.854806e+288  1.854806e+288
166  194982.0   1.198953e+27   1.198953e+27
206   21603.0   3.585118e+08   3.584902e+08
234   63384.0   2.462470e+08   2.461836e+08
335    7530.0   2.153858e+08   2.153783e+08

--- Training Target Scope 2 (CV) ---
Starting training with 5 folds... (Log Target: True)
Fold 1/5 - RMSE: 1728499596706099507534237794304.0000, MAE: 186388904993852880178779258880.0000 | Log RMSE: 8.2247, Log MAE: 3.1824
Fold 2/5 - RMSE: 197455.3224, MAE: 61837.3287 | Log RMSE: 2.7909, Log MAE: 1.8322
