Logging to experiments/logs/20251122_170737_catboost_tree/train.log
Loading data...
Initializing preprocessor: TreePreprocessor
Preprocessing data...
Tree Preprocessor: Selected 18 features.
Categorical Features: ['region_group']
Selected features (18): ['environmental_score', 'social_score', 'governance_score', 'region_group', 'sect_C_pct', 'sect_G_pct', 'sect_J_pct', 'sect_M_pct', 'sect_N_pct', 'sect_OTHER_pct', 'env_score_adjustment', 'sdg_3', 'sdg_7', 'sdg_9', 'sdg_11', 'sdg_12', 'sdg_OTHER', 'revenue_log']
Initializing model: CatBoostModel

--- Training Target Scope 1 (CV) ---
Starting training with 5 folds... (Log Target: True)
Fold 1/5 - RMSE: 136646.0496, MAE: 55252.5764 | Log RMSE: 2.0232, Log MAE: 1.5627
Fold 2/5 - RMSE: 111857.2647, MAE: 53542.6543 | Log RMSE: 1.7328, Log MAE: 1.3683
Fold 3/5 - RMSE: 109169.8035, MAE: 47923.9019 | Log RMSE: 1.6412, Log MAE: 1.3184
Fold 4/5 - RMSE: 89443.8190, MAE: 38918.3985 | Log RMSE: 2.1686, Log MAE: 1.6695
Fold 5/5 - RMSE: 100292.9306, MAE: 47147.2564 | Log RMSE: 1.9445, Log MAE: 1.5126

Training Completed.
Mean RMSE: 109481.9735
Mean MAE: 48556.9575
Mean Log RMSE: 1.9021
Mean Log MAE: 1.4863

Top 5 Worst Predictions (Across all folds):
       actual     predicted      abs_error
420  637605.0  49852.103732  587752.896268
150  568478.0   7030.470737  561447.529263
424  631252.0  73690.634759  557561.365241
416  559769.0   3330.472818  556438.527182
396  577624.0  41646.008788  535977.991212

--- Training Target Scope 2 (CV) ---
Starting training with 5 folds... (Log Target: True)
Fold 1/5 - RMSE: 177970.7297, MAE: 60969.4124 | Log RMSE: 2.3546, Log MAE: 1.7949
Fold 2/5 - RMSE: 194504.9144, MAE: 59706.8131 | Log RMSE: 2.5955, Log MAE: 1.7062
Fold 3/5 - RMSE: 61383.3485, MAE: 31601.3280 | Log RMSE: 2.4854, Log MAE: 1.7211
Fold 4/5 - RMSE: 62930.7175, MAE: 28729.2225 | Log RMSE: 2.4796, Log MAE: 1.8230
Fold 5/5 - RMSE: 287456.9168, MAE: 76385.0375 | Log RMSE: 2.1672, Log MAE: 1.6988

Training Completed.
Mean RMSE: 156849.3254
Mean MAE: 51478.3627
Mean Log RMSE: 2.4165
Mean Log MAE: 1.7488

Top 5 Worst Predictions (Across all folds):
        actual     predicted     abs_error
428  2061608.0  16629.752789  2.044978e+06
427  1597469.0  16360.364197  1.581109e+06
426  1503357.0  32279.303429  1.471078e+06
425  1105788.0  27994.731046  1.077793e+06
424   862769.0  38523.494985  8.242455e+05
Metrics saved to metrics.json

--- Training Final Models and Generating Submission ---
Submission saved to experiments/logs/20251122_170737_catboost_tree/submission.csv
