Logging to experiments/logs/20251122_194248_catboost_abs_revenue/train.log
Loading data...
Initializing preprocessor: AbsoluteRevenuePreprocessor
Preprocessing data...
AbsoluteRevenue Preprocessor: Selected 18 features.
Categorical Features: ['region_group']
Sector absolute revenue features: ['sect_C_abs', 'sect_G_abs', 'sect_J_abs', 'sect_M_abs', 'sect_N_abs', 'sect_OTHER_abs']
Selected features (18): ['environmental_score', 'social_score', 'governance_score', 'region_group', 'sect_C_abs', 'sect_G_abs', 'sect_J_abs', 'sect_M_abs', 'sect_N_abs', 'sect_OTHER_abs', 'env_score_adjustment', 'sdg_3', 'sdg_7', 'sdg_9', 'sdg_11', 'sdg_12', 'sdg_OTHER', 'revenue_log']
Initializing model: CatBoostModel

--- Training Target Scope 1 (CV) ---
Starting training with 5 folds... (Log Target: True)
Fold 1/5 - RMSE: 136883.2921, MAE: 55964.2001 | Log RMSE: 2.0341, Log MAE: 1.5916
Fold 2/5 - RMSE: 111484.3872, MAE: 52966.7595 | Log RMSE: 1.7312, Log MAE: 1.3568
Fold 3/5 - RMSE: 105644.8399, MAE: 45885.4075 | Log RMSE: 1.6329, Log MAE: 1.3233
Fold 4/5 - RMSE: 89049.0258, MAE: 38404.4737 | Log RMSE: 2.1494, Log MAE: 1.6643
Fold 5/5 - RMSE: 99981.4723, MAE: 47244.1230 | Log RMSE: 2.0209, Log MAE: 1.5713

Training Completed.
Mean RMSE: 108608.6035
Mean MAE: 48092.9928
Mean Log RMSE: 1.9137
Mean Log MAE: 1.5014

Top 5 Worst Predictions (Across all folds):
       actual     predicted      abs_error
420  637605.0  51748.161883  585856.838117
150  568478.0   8181.786089  560296.213911
416  559769.0   3821.084438  555947.915562
424  631252.0  80733.111451  550518.888549
396  577624.0  27708.553246  549915.446754

--- Training Target Scope 2 (CV) ---
Starting training with 5 folds... (Log Target: True)
Fold 1/5 - RMSE: 173823.9562, MAE: 59330.6975 | Log RMSE: 2.3732, Log MAE: 1.7799
Fold 2/5 - RMSE: 195915.8391, MAE: 61494.4791 | Log RMSE: 2.6680, Log MAE: 1.8148
Fold 3/5 - RMSE: 56683.6275, MAE: 29348.8190 | Log RMSE: 2.4061, Log MAE: 1.6573
Fold 4/5 - RMSE: 61988.0176, MAE: 27748.4909 | Log RMSE: 2.4786, Log MAE: 1.7937
Fold 5/5 - RMSE: 290033.8865, MAE: 78270.6071 | Log RMSE: 2.1881, Log MAE: 1.7193

Training Completed.
Mean RMSE: 155689.0654
Mean MAE: 51238.6187
Mean Log RMSE: 2.4228
Mean Log MAE: 1.7530

Top 5 Worst Predictions (Across all folds):
        actual     predicted     abs_error
428  2061608.0  15254.721906  2.046353e+06
427  1597469.0  21090.501537  1.576378e+06
426  1503357.0   7212.892975  1.496144e+06
425  1105788.0  59885.133284  1.045903e+06
424   862769.0  71048.081835  7.917209e+05
Metrics saved to metrics.json

--- Training Final Models and Generating Submission ---
Submission saved to experiments/logs/20251122_194248_catboost_abs_revenue/submission.csv
