Logging to experiments/logs/20251122_165840_lasso_top_features/train.log
Loading data...
Initializing preprocessor: TopFeaturesPreprocessor
Preprocessing data...
TopFeatures Preprocessor: Selected 20 features.
Features: ['environmental_score', 'social_score', 'governance_score', 'sect_C_pct', 'sect_G_pct', 'sect_J_pct', 'sect_M_pct', 'sect_N_pct', 'sect_OTHER_pct', 'env_score_adjustment', 'sdg_3', 'sdg_7', 'sdg_9', 'sdg_11', 'sdg_12', 'sdg_OTHER', 'revenue_log', 'region_group_NAM', 'region_group_OTHER', 'region_group_WEU']
Selected features (20): ['environmental_score', 'social_score', 'governance_score', 'sect_C_pct', 'sect_G_pct', 'sect_J_pct', 'sect_M_pct', 'sect_N_pct', 'sect_OTHER_pct', 'env_score_adjustment', 'sdg_3', 'sdg_7', 'sdg_9', 'sdg_11', 'sdg_12', 'sdg_OTHER', 'revenue_log', 'region_group_NAM', 'region_group_OTHER', 'region_group_WEU']
Initializing model: LassoModel

--- Training Target Scope 1 (CV) ---
Starting training with 5 folds... (Log Target: True)
Fold 1/5 - RMSE: 151110.7818, MAE: 62001.3219 | Log RMSE: 2.6140, Log MAE: 2.1595
Fold 2/5 - RMSE: 124040.9188, MAE: 61536.7821 | Log RMSE: 2.3775, Log MAE: 2.0379
Fold 3/5 - RMSE: 113306.5990, MAE: 48428.5094 | Log RMSE: 1.9809, Log MAE: 1.6511
Fold 4/5 - RMSE: 90606.3625, MAE: 38255.9258 | Log RMSE: 2.2499, Log MAE: 1.8124
Fold 5/5 - RMSE: 112703.7177, MAE: 54553.1001 | Log RMSE: 2.5198, Log MAE: 2.0222

Training Completed.
Mean RMSE: 118353.6759
Mean MAE: 52955.1278
Mean Log RMSE: 2.3484
Mean Log MAE: 1.9366

Top 5 Worst Predictions (Across all folds):
       actual    predicted      abs_error
420  637605.0  9426.039806  628178.960194
424  631252.0  9426.039806  621825.960194
421  598000.0  9426.039806  588573.960194
396  577624.0  8030.044216  569593.955784
150  568478.0  8030.044216  560447.955784

--- Training Target Scope 2 (CV) ---
Starting training with 5 folds... (Log Target: True)
Fold 1/5 - RMSE: 185252.5684, MAE: 66915.6883 | Log RMSE: 2.7732, Log MAE: 2.2233
Fold 2/5 - RMSE: 202675.7249, MAE: 67380.6948 | Log RMSE: 2.8130, Log MAE: 2.1854
Fold 3/5 - RMSE: 62576.4437, MAE: 32220.9130 | Log RMSE: 2.6183, Log MAE: 1.8932
Fold 4/5 - RMSE: 66360.9131, MAE: 29047.8011 | Log RMSE: 2.6479, Log MAE: 1.9313
Fold 5/5 - RMSE: 294063.1585, MAE: 81474.1594 | Log RMSE: 2.5305, Log MAE: 1.9691

Training Completed.
Mean RMSE: 162185.7617
Mean MAE: 55407.8513
Mean Log RMSE: 2.6766
Mean Log MAE: 2.0405

Top 5 Worst Predictions (Across all folds):
        actual    predicted     abs_error
428  2061608.0  5976.101151  2.055632e+06
427  1597469.0  6056.571978  1.591412e+06
426  1503357.0  5976.101151  1.497381e+06
425  1105788.0  6662.435441  1.099126e+06
424   862769.0  6662.435441  8.561066e+05
Metrics saved to metrics.json

--- Training Final Models and Generating Submission ---
Submission saved to experiments/logs/20251122_165840_lasso_top_features/submission.csv
