Logging to experiments/logs/20251122_192910_experiment/train.log
Loading data...
Initializing preprocessor: AbsoluteSectorRevenuePreprocessor
Preprocessing data...
Absolute Sector Revenue Preprocessor: Selected 18 features.
Categorical Features: ['region_group']
Selected features (18): ['environmental_score', 'social_score', 'governance_score', 'region_group', 'env_score_adjustment', 'sdg_3', 'sdg_7', 'sdg_9', 'sdg_11', 'sdg_12', 'sdg_OTHER', 'sect_C_revenue', 'sect_G_revenue', 'sect_J_revenue', 'sect_M_revenue', 'sect_N_revenue', 'sect_OTHER_revenue', 'revenue_log']
Initializing model: LassoModel

--- Training Target Scope 1 (CV) ---
Starting training with 5 folds... (Log Target: True)
Fold 1/5 - RMSE: 144728.8207, MAE: 57094.3606 | Log RMSE: 2.6399, Log MAE: 1.8484
Fold 2/5 - RMSE: 119188.8750, MAE: 58623.9467 | Log RMSE: 2.1758, Log MAE: 1.7382
Fold 3/5 - RMSE: 137953.6429, MAE: 57398.0597 | Log RMSE: 1.8614, Log MAE: 1.4557
Fold 4/5 - RMSE: 89320.4280, MAE: 38836.4337 | Log RMSE: 2.2084, Log MAE: 1.8044
Fold 5/5 - RMSE: 142931.8767, MAE: 58631.0475 | Log RMSE: 2.2691, Log MAE: 1.7220

Training Completed.
Mean RMSE: 126824.7287
Mean MAE: 54116.7697
Mean Log RMSE: 2.2309
Mean Log MAE: 1.7138

Top 5 Worst Predictions (Across all folds):
       actual     predicted      abs_error
248    9519.0  7.649874e+05  755468.358920
422  229000.0  9.760692e+05  747069.195202
419  517000.0  1.204636e+06  687635.848081
420  637605.0  2.956733e+04  608037.672044
424  631252.0  3.549595e+04  595756.046492

--- Training Target Scope 2 (CV) ---
Starting training with 5 folds... (Log Target: True)
Fold 1/5 - RMSE: 176442.7618, MAE: 62617.6227 | Log RMSE: 2.6792, Log MAE: 1.9290
Fold 2/5 - RMSE: 199467.4565, MAE: 64930.3917 | Log RMSE: 2.7891, Log MAE: 1.9340
Fold 3/5 - RMSE: 120608.2264, MAE: 40289.0432 | Log RMSE: 2.4765, Log MAE: 1.7263
Fold 4/5 - RMSE: 95149.2636, MAE: 37242.5565 | Log RMSE: 2.5448, Log MAE: 1.8223
Fold 5/5 - RMSE: 380421.1003, MAE: 104179.1122 | Log RMSE: 2.3104, Log MAE: 1.7162

Training Completed.
Mean RMSE: 194417.7617
Mean MAE: 61851.7453
Mean Log RMSE: 2.5600
Mean Log MAE: 1.8256

Top 5 Worst Predictions (Across all folds):
        actual     predicted     abs_error
419   464000.0  2.730523e+06  2.266523e+06
428  2061608.0  1.114045e+04  2.050468e+06
427  1597469.0  6.409971e+03  1.591059e+06
426  1503357.0  1.732247e+04  1.486035e+06
425  1105788.0  9.759683e+04  1.008191e+06
Metrics saved to metrics.json

--- Training Final Models and Generating Submission ---
