Logging to experiments/logs/20251122_193049_experiment/train.log
Loading data...
Initializing preprocessor: AbsoluteSectorRevenuePreprocessor
Preprocessing data...
Absolute Sector Revenue Preprocessor: Selected 18 features.
Categorical Features: ['region_group']
DEBUG: final_feature_names NOT FOUND in transform
DEBUG: final_feature_names NOT FOUND in transform
Selected features (18): ['environmental_score', 'social_score', 'governance_score', 'region_group', 'env_score_adjustment', 'sdg_3', 'sdg_7', 'sdg_9', 'sdg_11', 'sdg_12', 'sdg_OTHER', 'sect_C_revenue', 'sect_G_revenue', 'sect_J_revenue', 'sect_M_revenue', 'sect_N_revenue', 'sect_OTHER_revenue', 'revenue_log']
Initializing model: RidgeModel

--- Training Target Scope 1 (CV) ---
Starting training with 5 folds... (Log Target: True)
Fold 1/5 - RMSE: 145100.2185, MAE: 57398.0309 | Log RMSE: 2.7018, Log MAE: 1.8541
Fold 2/5 - RMSE: 119025.6635, MAE: 58706.2962 | Log RMSE: 2.1883, Log MAE: 1.7453
Fold 3/5 - RMSE: 141180.8328, MAE: 58219.4208 | Log RMSE: 1.8642, Log MAE: 1.4540
Fold 4/5 - RMSE: 89260.8357, MAE: 38837.7719 | Log RMSE: 2.2175, Log MAE: 1.8163
Fold 5/5 - RMSE: 150528.5389, MAE: 60445.2602 | Log RMSE: 2.2708, Log MAE: 1.7212

Training Completed.
Mean RMSE: 129019.2179
Mean MAE: 54721.3560
Mean Log RMSE: 2.2485
Mean Log MAE: 1.7182

Top 5 Worst Predictions (Across all folds):
       actual     predicted      abs_error
422  229000.0  1.122325e+06  893325.161230
248    9519.0  8.101781e+05  800659.101420
419  517000.0  1.163262e+06  646262.313750
420  637605.0  3.299820e+04  604606.797855
424  631252.0  3.791637e+04  593335.632806

--- Training Target Scope 2 (CV) ---
Starting training with 5 folds... (Log Target: True)
Fold 1/5 - RMSE: 176241.0241, MAE: 63697.1142 | Log RMSE: 2.6841, Log MAE: 1.9306
Fold 2/5 - RMSE: 199356.1282, MAE: 64923.2852 | Log RMSE: 2.8048, Log MAE: 1.9450
Fold 3/5 - RMSE: 127681.8185, MAE: 41060.2028 | Log RMSE: 2.4854, Log MAE: 1.7293
Fold 4/5 - RMSE: 98459.6965, MAE: 37841.1559 | Log RMSE: 2.5474, Log MAE: 1.8262
Fold 5/5 - RMSE: 399549.1075, MAE: 107900.0249 | Log RMSE: 2.3149, Log MAE: 1.7192

Training Completed.
Mean RMSE: 200257.5550
Mean MAE: 63084.3566
Mean Log RMSE: 2.5673
Mean Log MAE: 1.8301

Top 5 Worst Predictions (Across all folds):
        actual     predicted     abs_error
419   464000.0  2.988940e+06  2.524940e+06
428  2061608.0  1.115953e+04  2.050448e+06
427  1597469.0  6.294437e+03  1.591175e+06
426  1503357.0  1.816205e+04  1.485195e+06
248    12919.0  1.074015e+06  1.061096e+06
Metrics saved to metrics.json

--- Training Final Models and Generating Submission ---
