Logging to experiments/logs/20251122_185918_baseline_run/train.log
Loading data...
Initializing preprocessor: CodeathonBaselinePreprocessor
Preprocessing data...
Selected 13 features with variance > 0.05
Selected features (13): ['revenue', 'overall_score', 'environmental_score', 'social_score', 'governance_score', 'sect_C_pct', 'sect_G_pct', 'sect_J_pct', 'env_score_adjustment', 'sdg_id_3', 'sdg_id_9', 'region_code_NAM', 'region_code_WEU']
Initializing model: LinearRegressionModel

--- Training Target Scope 1 (CV) ---
Starting training with 5 folds... (Log Target: False)
Fold 1/5 - RMSE: 141019.2523, MAE: 74672.4646 | Log RMSE: 3.5006, Log MAE: 2.7026
Fold 2/5 - RMSE: 100115.6783, MAE: 61353.7206 | Log RMSE: 3.3454, Log MAE: 2.4642
Fold 3/5 - RMSE: 109294.4353, MAE: 67979.7016 | Log RMSE: 3.1987, Log MAE: 2.3412
Fold 4/5 - RMSE: 92291.3971, MAE: 58091.2565 | Log RMSE: 3.9357, Log MAE: 2.8964
Fold 5/5 - RMSE: 91616.9029, MAE: 59948.4222 | Log RMSE: 3.5561, Log MAE: 2.5194

Training Completed.
Mean RMSE: 106867.5332
Mean MAE: 64409.1131
Mean Log RMSE: 3.5073
Mean Log MAE: 2.5848

Top 5 Worst Predictions (Across all folds):
       actual      predicted      abs_error
420  637605.0   79810.295807  557794.704193
331    9998.0  553033.185381  543035.185381
424  631252.0  110639.801640  520612.198360
421  598000.0   80321.715452  517678.284548
150  568478.0   53715.857478  514762.142522

--- Training Target Scope 2 (CV) ---
Starting training with 5 folds... (Log Target: False)
Fold 1/5 - RMSE: 167800.8495, MAE: 80302.0762 | Log RMSE: 4.2832, Log MAE: 3.3244
Fold 2/5 - RMSE: 181157.2716, MAE: 67550.1630 | Log RMSE: 4.1375, Log MAE: 2.8725
Fold 3/5 - RMSE: 88319.3775, MAE: 65082.1443 | Log RMSE: 4.6055, Log MAE: 3.3463
Fold 4/5 - RMSE: 81402.8632, MAE: 59551.2762 | Log RMSE: 4.8178, Log MAE: 3.5565
Fold 5/5 - RMSE: 275091.2855, MAE: 86058.9366 | Log RMSE: 3.9128, Log MAE: 2.7685

Training Completed.
Mean RMSE: 158754.3295
Mean MAE: 71708.9193
Mean Log RMSE: 4.3514
Mean Log MAE: 3.1736

Top 5 Worst Predictions (Across all folds):
        actual      predicted     abs_error
428  2061608.0   59569.323785  2.002039e+06
427  1597469.0  130549.387485  1.466920e+06
426  1503357.0  123114.084059  1.380243e+06
425  1105788.0  215232.130564  8.905559e+05
424   862769.0  116644.051836  7.461249e+05
Metrics saved to metrics.json

--- Training Final Models and Generating Submission ---
Submission saved to experiments/logs/20251122_185918_baseline_run/submission.csv
