Logging to experiments/logs/20251122_193005_experiment/train.log
Loading data...
Initializing preprocessor: AbsoluteSectorRevenuePreprocessor
Preprocessing data...
Absolute Sector Revenue Preprocessor: Selected 18 features.
Categorical Features: ['region_group']
Selected features (18): ['environmental_score', 'social_score', 'governance_score', 'region_group', 'env_score_adjustment', 'sdg_3', 'sdg_7', 'sdg_9', 'sdg_11', 'sdg_12', 'sdg_OTHER', 'sect_C_revenue', 'sect_G_revenue', 'sect_J_revenue', 'sect_M_revenue', 'sect_N_revenue', 'sect_OTHER_revenue', 'revenue_log']
Initializing model: LinearRegressionModel

--- Training Target Scope 1 (CV) ---
Starting training with 5 folds... (Log Target: True)
Fold 1/5 - RMSE: 145136.4925, MAE: 57406.3270 | Log RMSE: 2.7087, Log MAE: 1.8534
Fold 2/5 - RMSE: 118983.1955, MAE: 58719.8628 | Log RMSE: 2.1897, Log MAE: 1.7455
Fold 3/5 - RMSE: 140971.9327, MAE: 58196.6495 | Log RMSE: 1.8637, Log MAE: 1.4530
Fold 4/5 - RMSE: 89224.5434, MAE: 38821.2027 | Log RMSE: 2.2184, Log MAE: 1.8175
Fold 5/5 - RMSE: 148874.6032, MAE: 60083.2835 | Log RMSE: 2.2708, Log MAE: 1.7207

Training Completed.
Mean RMSE: 128638.1535
Mean MAE: 54645.4651
Mean Log RMSE: 2.2503
Mean Log MAE: 1.7180

Top 5 Worst Predictions (Across all folds):
       actual     predicted      abs_error
422  229000.0  1.116513e+06  887512.608173
248    9519.0  8.070860e+05  797567.018930
419  517000.0  1.138255e+06  621255.333741
420  637605.0  3.353585e+04  604069.148246
424  631252.0  3.833409e+04  592917.913663

--- Training Target Scope 2 (CV) ---
Starting training with 5 folds... (Log Target: True)
Fold 1/5 - RMSE: 176309.1462, MAE: 63673.8684 | Log RMSE: 2.6844, Log MAE: 1.9308
Fold 2/5 - RMSE: 199339.3966, MAE: 64920.6080 | Log RMSE: 2.8064, Log MAE: 1.9457
Fold 3/5 - RMSE: 128159.3446, MAE: 41112.8654 | Log RMSE: 2.4857, Log MAE: 1.7294
Fold 4/5 - RMSE: 98723.2113, MAE: 37893.6721 | Log RMSE: 2.5476, Log MAE: 1.8264
Fold 5/5 - RMSE: 400021.1298, MAE: 108052.8606 | Log RMSE: 2.3152, Log MAE: 1.7190

Training Completed.
Mean RMSE: 200510.4457
Mean MAE: 63130.7749
Mean Log RMSE: 2.5678
Mean Log MAE: 1.8303

Top 5 Worst Predictions (Across all folds):
        actual     predicted     abs_error
419   464000.0  2.993955e+06  2.529955e+06
428  2061608.0  1.116037e+04  2.050448e+06
427  1597469.0  6.260902e+03  1.591208e+06
426  1503357.0  1.817672e+04  1.485180e+06
248    12919.0  1.079064e+06  1.066145e+06
Metrics saved to metrics.json

--- Training Final Models and Generating Submission ---
